2020-05-03 19:29:55,577 [Worker-7: Loading available Gradle versions] INFO  o.e.b.c.i.u.g.PublishedGradleVersions - Gradle version information cache is up-to-date. Trying to read.
2020-05-03 19:31:19,426 [Worker-11: Update Maven projects configuration] INFO  o.e.m.c.i.p.ProjectConfigurationManager - Update started
2020-05-03 19:31:39,210 [Worker-11: Update Maven projects configuration] INFO  o.e.m.c.i.l.LifecycleMappingFactory - Using org.eclipse.m2e.jdt.JarLifecycleMapping lifecycle mapping for MavenProject: com.cts:VendorManagement:0.0.1-SNAPSHOT @ F:\spring workspace\VendorManagement-master\VendorManagement\pom.xml.
2020-05-03 19:32:10,399 [Worker-3: Building] INFO  o.e.m.c.i.l.LifecycleMappingFactory - Using org.eclipse.m2e.jdt.JarLifecycleMapping lifecycle mapping for MavenProject: com.cts:ProductManagement:0.0.1-SNAPSHOT @ F:\spring workspace\VendorManagement-master\ProductManagement\pom.xml.
2020-05-03 19:32:14,243 [Worker-3: Building] INFO  o.e.m.c.i.embedder.EclipseLogger - Using 'UTF-8' encoding to copy filtered resources.
2020-05-03 19:32:14,249 [Worker-3: Building] INFO  o.e.m.c.i.embedder.EclipseLogger - Copying 0 resource
2020-05-03 19:32:14,250 [Worker-3: Building] INFO  o.e.m.c.i.embedder.EclipseLogger - Copying 1 resource
2020-05-03 19:32:14,343 [Worker-3: Building] INFO  o.e.m.c.i.embedder.EclipseLogger - Using 'UTF-8' encoding to copy filtered resources.
2020-05-03 19:32:14,343 [Worker-3: Building] INFO  o.e.m.c.i.embedder.EclipseLogger - skip non existing resourceDirectory F:\spring workspace\VendorManagement-master\ProductManagement\src\test\resources
2020-05-03 19:32:14,561 [Worker-11: Update Maven projects configuration] INFO  o.e.m.j.i.AbstractJavaProjectConfigurator - Adding source folder /VendorManagement/src/main/java
2020-05-03 19:32:14,568 [Worker-11: Update Maven projects configuration] INFO  o.e.m.j.i.AbstractJavaProjectConfigurator - Adding resource folder /VendorManagement/src/main/resources
2020-05-03 19:32:14,619 [Worker-11: Update Maven projects configuration] INFO  o.e.m.j.i.AbstractJavaProjectConfigurator - Adding resource folder /VendorManagement/src/main/resources
2020-05-03 19:32:14,648 [Worker-11: Update Maven projects configuration] INFO  o.e.m.j.i.AbstractJavaProjectConfigurator - Adding source folder /VendorManagement/src/test/java
2020-05-03 19:32:19,827 [Worker-11: Update Maven projects configuration] INFO  o.e.m.c.i.p.ProjectConfigurationManager - Update completed: 60 sec
2020-05-03 19:32:19,831 [Worker-11: Update Maven projects configuration] INFO  o.e.m.c.i.p.ProjectConfigurationManager - Update started
2020-05-03 19:32:21,471 [Worker-11: Update Maven projects configuration] INFO  o.e.m.c.i.l.LifecycleMappingFactory - Using org.eclipse.m2e.jdt.JarLifecycleMapping lifecycle mapping for MavenProject: com.cts:ProductManagement:0.0.1-SNAPSHOT @ F:\spring workspace\VendorManagement-master\ProductManagement\pom.xml.
2020-05-03 19:32:23,379 [Worker-11: Update Maven projects configuration] INFO  o.e.m.c.i.l.LifecycleMappingFactory - Using org.eclipse.m2e.jdt.JarLifecycleMapping lifecycle mapping for MavenProject: com.cts:VendorManagement:0.0.1-SNAPSHOT @ F:\spring workspace\VendorManagement-master\VendorManagement\pom.xml.
2020-05-03 19:32:26,025 [Worker-11: Update Maven projects configuration] INFO  o.e.m.j.i.AbstractJavaProjectConfigurator - Adding source folder /VendorManagement/src/main/java
2020-05-03 19:32:26,026 [Worker-11: Update Maven projects configuration] INFO  o.e.m.j.i.AbstractJavaProjectConfigurator - Adding resource folder /VendorManagement/src/main/resources
2020-05-03 19:32:26,031 [Worker-11: Update Maven projects configuration] INFO  o.e.m.j.i.AbstractJavaProjectConfigurator - Adding resource folder /VendorManagement/src/main/resources
2020-05-03 19:32:26,042 [Worker-11: Update Maven projects configuration] INFO  o.e.m.j.i.AbstractJavaProjectConfigurator - Adding source folder /VendorManagement/src/test/java
2020-05-03 19:32:29,572 [Worker-11: Update Maven projects configuration] INFO  o.e.m.j.i.AbstractJavaProjectConfigurator - Adding source folder /ProductManagement/src/main/java
2020-05-03 19:32:29,573 [Worker-11: Update Maven projects configuration] INFO  o.e.m.j.i.AbstractJavaProjectConfigurator - Adding resource folder /ProductManagement/src/main/resources
2020-05-03 19:32:29,632 [Worker-11: Update Maven projects configuration] INFO  o.e.m.j.i.AbstractJavaProjectConfigurator - Adding resource folder /ProductManagement/src/main/resources
2020-05-03 19:32:29,644 [Worker-11: Update Maven projects configuration] INFO  o.e.m.j.i.AbstractJavaProjectConfigurator - Adding source folder /ProductManagement/src/test/java
2020-05-03 19:32:32,508 [Worker-11: Update Maven projects configuration] INFO  o.e.m.c.i.p.ProjectConfigurationManager - Update completed: 12 sec
2020-05-03 19:32:32,512 [Worker-11: Update Maven projects configuration] INFO  o.e.m.c.i.p.ProjectConfigurationManager - Update started
2020-05-03 19:32:34,625 [Worker-11: Update Maven projects configuration] INFO  o.e.m.c.i.l.LifecycleMappingFactory - Using org.eclipse.m2e.jdt.JarLifecycleMapping lifecycle mapping for MavenProject: com.cts:ProductManagement:0.0.1-SNAPSHOT @ F:\spring workspace\VendorManagement-master\ProductManagement\pom.xml.
2020-05-03 19:32:37,578 [Worker-11: Update Maven projects configuration] INFO  o.e.m.c.i.l.LifecycleMappingFactory - Using org.eclipse.m2e.jdt.JarLifecycleMapping lifecycle mapping for MavenProject: com.cts:VendorManagement:0.0.1-SNAPSHOT @ F:\spring workspace\VendorManagement-master\VendorManagement\pom.xml.
2020-05-03 19:32:38,669 [Worker-11: Update Maven projects configuration] INFO  o.e.m.c.i.l.LifecycleMappingFactory - Using org.eclipse.m2e.jdt.JarLifecycleMapping lifecycle mapping for MavenProject: com.cts:SpringConfigServer:0.0.1-SNAPSHOT @ F:\spring workspace\VendorManagement-master\SpringConfigServer\pom.xml.
2020-05-03 19:32:46,683 [Worker-11: Update Maven projects configuration] INFO  o.e.m.j.i.AbstractJavaProjectConfigurator - Adding source folder /SpringConfigServer/src/main/java
2020-05-03 19:32:46,684 [Worker-11: Update Maven projects configuration] INFO  o.e.m.j.i.AbstractJavaProjectConfigurator - Adding resource folder /SpringConfigServer/src/main/resources
2020-05-03 19:32:46,700 [Worker-2: Updating Maven Dependencies] INFO  o.e.m.c.i.l.LifecycleMappingFactory - Using org.eclipse.m2e.jdt.JarLifecycleMapping lifecycle mapping for MavenProject: com.cts:SpringConfigServer:0.0.1-SNAPSHOT @ F:\spring workspace\VendorManagement-master\SpringConfigServer\pom.xml.
2020-05-03 19:32:46,725 [Worker-11: Update Maven projects configuration] INFO  o.e.m.j.i.AbstractJavaProjectConfigurator - Adding resource folder /SpringConfigServer/src/main/resources
2020-05-03 19:32:47,066 [Worker-11: Update Maven projects configuration] INFO  o.e.m.j.i.AbstractJavaProjectConfigurator - Adding source folder /SpringConfigServer/src/test/java
2020-05-03 19:32:49,791 [Worker-4: Building] INFO  o.e.m.c.i.embedder.EclipseLogger - Using 'UTF-8' encoding to copy filtered resources.
2020-05-03 19:32:49,800 [Worker-4: Building] INFO  o.e.m.c.i.embedder.EclipseLogger - Copying 0 resource
2020-05-03 19:32:49,812 [Worker-4: Building] INFO  o.e.m.c.i.embedder.EclipseLogger - Copying 1 resource
2020-05-03 19:32:49,859 [Worker-4: Building] INFO  o.e.m.c.i.embedder.EclipseLogger - Using 'UTF-8' encoding to copy filtered resources.
2020-05-03 19:32:49,859 [Worker-4: Building] INFO  o.e.m.c.i.embedder.EclipseLogger - skip non existing resourceDirectory F:\spring workspace\VendorManagement-master\ProductManagement\src\test\resources
2020-05-03 19:32:54,294 [Worker-11: Update Maven projects configuration] INFO  o.e.m.j.i.AbstractJavaProjectConfigurator - Adding source folder /VendorManagement/src/main/java
2020-05-03 19:32:54,294 [Worker-11: Update Maven projects configuration] INFO  o.e.m.j.i.AbstractJavaProjectConfigurator - Adding resource folder /VendorManagement/src/main/resources
2020-05-03 19:32:54,297 [Worker-11: Update Maven projects configuration] INFO  o.e.m.j.i.AbstractJavaProjectConfigurator - Adding resource folder /VendorManagement/src/main/resources
2020-05-03 19:32:54,303 [Worker-11: Update Maven projects configuration] INFO  o.e.m.j.i.AbstractJavaProjectConfigurator - Adding source folder /VendorManagement/src/test/java
2020-05-03 19:32:54,547 [Worker-4: Building] INFO  o.e.m.c.i.embedder.EclipseLogger - Using 'UTF-8' encoding to copy filtered resources.
2020-05-03 19:32:54,549 [Worker-4: Building] INFO  o.e.m.c.i.embedder.EclipseLogger - Copying 1 resource
2020-05-03 19:32:54,669 [Worker-4: Building] INFO  o.e.m.c.i.embedder.EclipseLogger - Copying 0 resource
2020-05-03 19:32:54,673 [Worker-4: Building] INFO  o.e.m.c.i.embedder.EclipseLogger - Using 'UTF-8' encoding to copy filtered resources.
2020-05-03 19:32:54,673 [Worker-4: Building] INFO  o.e.m.c.i.embedder.EclipseLogger - skip non existing resourceDirectory F:\spring workspace\VendorManagement-master\SpringConfigServer\src\test\resources
2020-05-03 19:32:57,272 [Worker-3: Building] INFO  o.e.m.c.i.l.LifecycleMappingFactory - Using org.eclipse.m2e.jdt.JarLifecycleMapping lifecycle mapping for MavenProject: com.cts:ServiceDiscovery:0.0.1-SNAPSHOT @ F:\spring workspace\VendorManagement-master\ServiceDiscovery\pom.xml.
2020-05-03 19:33:00,981 [Worker-3: Building] INFO  o.e.m.c.i.embedder.EclipseLogger - Using 'UTF-8' encoding to copy filtered resources.
2020-05-03 19:33:00,982 [Worker-3: Building] INFO  o.e.m.c.i.embedder.EclipseLogger - Copying 1 resource
2020-05-03 19:33:01,048 [Worker-3: Building] INFO  o.e.m.c.i.embedder.EclipseLogger - Copying 0 resource
2020-05-03 19:33:01,052 [Worker-3: Building] INFO  o.e.m.c.i.embedder.EclipseLogger - Using 'UTF-8' encoding to copy filtered resources.
2020-05-03 19:33:01,052 [Worker-3: Building] INFO  o.e.m.c.i.embedder.EclipseLogger - skip non existing resourceDirectory F:\spring workspace\VendorManagement-master\ServiceDiscovery\src\test\resources
2020-05-03 19:33:01,896 [Worker-11: Update Maven projects configuration] INFO  o.e.m.j.i.AbstractJavaProjectConfigurator - Adding source folder /ProductManagement/src/main/java
2020-05-03 19:33:01,896 [Worker-11: Update Maven projects configuration] INFO  o.e.m.j.i.AbstractJavaProjectConfigurator - Adding resource folder /ProductManagement/src/main/resources
2020-05-03 19:33:01,899 [Worker-11: Update Maven projects configuration] INFO  o.e.m.j.i.AbstractJavaProjectConfigurator - Adding resource folder /ProductManagement/src/main/resources
2020-05-03 19:33:01,905 [Worker-11: Update Maven projects configuration] INFO  o.e.m.j.i.AbstractJavaProjectConfigurator - Adding source folder /ProductManagement/src/test/java
2020-05-03 19:33:03,259 [Worker-4: Updating Maven Dependencies] INFO  o.e.m.c.i.l.LifecycleMappingFactory - Using org.eclipse.m2e.jdt.JarLifecycleMapping lifecycle mapping for MavenProject: com.cts:ServiceDiscovery:0.0.1-SNAPSHOT @ F:\spring workspace\VendorManagement-master\ServiceDiscovery\pom.xml.
2020-05-03 19:33:04,671 [Worker-11: Update Maven projects configuration] INFO  o.e.m.c.i.p.ProjectConfigurationManager - Update completed: 32 sec
2020-05-03 19:33:04,675 [Worker-11: Update Maven projects configuration] INFO  o.e.m.c.i.p.ProjectConfigurationManager - Update started
2020-05-03 19:33:07,432 [Worker-11: Update Maven projects configuration] INFO  o.e.m.c.i.l.LifecycleMappingFactory - Using org.eclipse.m2e.jdt.JarLifecycleMapping lifecycle mapping for MavenProject: com.cts:ServiceDiscovery:0.0.1-SNAPSHOT @ F:\spring workspace\VendorManagement-master\ServiceDiscovery\pom.xml.
2020-05-03 19:33:09,618 [Worker-11: Update Maven projects configuration] INFO  o.e.m.c.i.l.LifecycleMappingFactory - Using org.eclipse.m2e.jdt.JarLifecycleMapping lifecycle mapping for MavenProject: com.cts:ProductManagement:0.0.1-SNAPSHOT @ F:\spring workspace\VendorManagement-master\ProductManagement\pom.xml.
2020-05-03 19:33:10,648 [Worker-11: Update Maven projects configuration] INFO  o.e.m.c.i.l.LifecycleMappingFactory - Using org.eclipse.m2e.jdt.JarLifecycleMapping lifecycle mapping for MavenProject: com.cts:VendorManagement:0.0.1-SNAPSHOT @ F:\spring workspace\VendorManagement-master\VendorManagement\pom.xml.
2020-05-03 19:33:11,586 [Worker-11: Update Maven projects configuration] INFO  o.e.m.c.i.l.LifecycleMappingFactory - Using org.eclipse.m2e.jdt.JarLifecycleMapping lifecycle mapping for MavenProject: com.cts:SpringConfigServer:0.0.1-SNAPSHOT @ F:\spring workspace\VendorManagement-master\SpringConfigServer\pom.xml.
2020-05-03 19:33:17,720 [Worker-13: Building] INFO  o.e.m.c.i.embedder.EclipseLogger - Using 'UTF-8' encoding to copy filtered resources.
2020-05-03 19:33:17,727 [Worker-13: Building] INFO  o.e.m.c.i.embedder.EclipseLogger - Copying 0 resource
2020-05-03 19:33:17,728 [Worker-13: Building] INFO  o.e.m.c.i.embedder.EclipseLogger - Copying 1 resource
2020-05-03 19:33:17,829 [Worker-13: Building] INFO  o.e.m.c.i.embedder.EclipseLogger - Using 'UTF-8' encoding to copy filtered resources.
2020-05-03 19:33:17,829 [Worker-13: Building] INFO  o.e.m.c.i.embedder.EclipseLogger - skip non existing resourceDirectory F:\spring workspace\VendorManagement-master\ProductManagement\src\test\resources
2020-05-03 19:33:17,936 [Worker-11: Update Maven projects configuration] INFO  o.e.m.j.i.AbstractJavaProjectConfigurator - Adding source folder /SpringConfigServer/src/main/java
2020-05-03 19:33:17,937 [Worker-11: Update Maven projects configuration] INFO  o.e.m.j.i.AbstractJavaProjectConfigurator - Adding resource folder /SpringConfigServer/src/main/resources
2020-05-03 19:33:17,939 [Worker-11: Update Maven projects configuration] INFO  o.e.m.j.i.AbstractJavaProjectConfigurator - Adding resource folder /SpringConfigServer/src/main/resources
2020-05-03 19:33:17,961 [Worker-11: Update Maven projects configuration] INFO  o.e.m.j.i.AbstractJavaProjectConfigurator - Adding source folder /SpringConfigServer/src/test/java
2020-05-03 19:33:18,823 [Worker-11: Update Maven projects configuration] INFO  o.e.m.j.i.AbstractJavaProjectConfigurator - Adding source folder /VendorManagement/src/main/java
2020-05-03 19:33:18,824 [Worker-11: Update Maven projects configuration] INFO  o.e.m.j.i.AbstractJavaProjectConfigurator - Adding resource folder /VendorManagement/src/main/resources
2020-05-03 19:33:18,826 [Worker-11: Update Maven projects configuration] INFO  o.e.m.j.i.AbstractJavaProjectConfigurator - Adding resource folder /VendorManagement/src/main/resources
2020-05-03 19:33:18,832 [Worker-11: Update Maven projects configuration] INFO  o.e.m.j.i.AbstractJavaProjectConfigurator - Adding source folder /VendorManagement/src/test/java
2020-05-03 19:33:20,278 [Worker-3: Building] INFO  o.e.m.c.i.embedder.EclipseLogger - Using 'UTF-8' encoding to copy filtered resources.
2020-05-03 19:33:20,279 [Worker-3: Building] INFO  o.e.m.c.i.embedder.EclipseLogger - Copying 1 resource
2020-05-03 19:33:20,298 [Worker-3: Building] INFO  o.e.m.c.i.embedder.EclipseLogger - Copying 0 resource
2020-05-03 19:33:20,301 [Worker-3: Building] INFO  o.e.m.c.i.embedder.EclipseLogger - Using 'UTF-8' encoding to copy filtered resources.
2020-05-03 19:33:20,302 [Worker-3: Building] INFO  o.e.m.c.i.embedder.EclipseLogger - skip non existing resourceDirectory F:\spring workspace\VendorManagement-master\SpringConfigServer\src\test\resources
2020-05-03 19:33:22,328 [Worker-11: Update Maven projects configuration] INFO  o.e.m.j.i.AbstractJavaProjectConfigurator - Adding source folder /ProductManagement/src/main/java
2020-05-03 19:33:22,329 [Worker-11: Update Maven projects configuration] INFO  o.e.m.j.i.AbstractJavaProjectConfigurator - Adding resource folder /ProductManagement/src/main/resources
2020-05-03 19:33:22,331 [Worker-11: Update Maven projects configuration] INFO  o.e.m.j.i.AbstractJavaProjectConfigurator - Adding resource folder /ProductManagement/src/main/resources
2020-05-03 19:33:22,336 [Worker-11: Update Maven projects configuration] INFO  o.e.m.j.i.AbstractJavaProjectConfigurator - Adding source folder /ProductManagement/src/test/java
2020-05-03 19:33:23,034 [Worker-2: Building] INFO  o.e.m.c.i.embedder.EclipseLogger - Using 'UTF-8' encoding to copy filtered resources.
2020-05-03 19:33:23,035 [Worker-2: Building] INFO  o.e.m.c.i.embedder.EclipseLogger - Copying 0 resource
2020-05-03 19:33:23,036 [Worker-2: Building] INFO  o.e.m.c.i.embedder.EclipseLogger - Copying 1 resource
2020-05-03 19:33:23,044 [Worker-2: Building] INFO  o.e.m.c.i.embedder.EclipseLogger - Using 'UTF-8' encoding to copy filtered resources.
2020-05-03 19:33:23,044 [Worker-2: Building] INFO  o.e.m.c.i.embedder.EclipseLogger - skip non existing resourceDirectory F:\spring workspace\VendorManagement-master\ProductManagement\src\test\resources
2020-05-03 19:33:23,860 [Worker-10: Building] INFO  o.e.m.c.i.embedder.EclipseLogger - Using 'UTF-8' encoding to copy filtered resources.
2020-05-03 19:33:23,861 [Worker-10: Building] INFO  o.e.m.c.i.embedder.EclipseLogger - Copying 0 resource
2020-05-03 19:33:23,861 [Worker-10: Building] INFO  o.e.m.c.i.embedder.EclipseLogger - Copying 0 resource
2020-05-03 19:33:23,866 [Worker-10: Building] INFO  o.e.m.c.i.embedder.EclipseLogger - Using 'UTF-8' encoding to copy filtered resources.
2020-05-03 19:33:23,866 [Worker-10: Building] INFO  o.e.m.c.i.embedder.EclipseLogger - skip non existing resourceDirectory F:\spring workspace\VendorManagement-master\ProductManagement\src\test\resources
2020-05-03 19:33:26,058 [Worker-10: Building] INFO  o.e.m.c.i.embedder.EclipseLogger - Using 'UTF-8' encoding to copy filtered resources.
2020-05-03 19:33:26,058 [Worker-10: Building] INFO  o.e.m.c.i.embedder.EclipseLogger - Copying 0 resource
2020-05-03 19:33:26,059 [Worker-10: Building] INFO  o.e.m.c.i.embedder.EclipseLogger - Copying 2 resources
2020-05-03 19:33:26,146 [Worker-10: Building] INFO  o.e.m.c.i.embedder.EclipseLogger - Using 'UTF-8' encoding to copy filtered resources.
2020-05-03 19:33:26,147 [Worker-10: Building] INFO  o.e.m.c.i.embedder.EclipseLogger - skip non existing resourceDirectory F:\spring workspace\VendorManagement-master\VendorManagement\src\test\resources
2020-05-03 19:33:27,551 [Worker-11: Update Maven projects configuration] INFO  o.e.m.j.i.AbstractJavaProjectConfigurator - Adding source folder /ServiceDiscovery/src/main/java
2020-05-03 19:33:27,551 [Worker-11: Update Maven projects configuration] INFO  o.e.m.j.i.AbstractJavaProjectConfigurator - Adding resource folder /ServiceDiscovery/src/main/resources
2020-05-03 19:33:27,567 [Worker-11: Update Maven projects configuration] INFO  o.e.m.j.i.AbstractJavaProjectConfigurator - Adding resource folder /ServiceDiscovery/src/main/resources
2020-05-03 19:33:27,897 [Worker-11: Update Maven projects configuration] INFO  o.e.m.j.i.AbstractJavaProjectConfigurator - Adding source folder /ServiceDiscovery/src/test/java
2020-05-03 19:33:29,694 [Worker-11: Update Maven projects configuration] INFO  o.e.m.c.i.p.ProjectConfigurationManager - Update completed: 25 sec
2020-05-03 19:33:29,696 [Worker-11: Update Maven projects configuration] INFO  o.e.m.c.i.p.ProjectConfigurationManager - Update started
2020-05-03 19:33:31,472 [Worker-11: Update Maven projects configuration] INFO  o.e.m.c.i.l.LifecycleMappingFactory - Using org.eclipse.m2e.jdt.JarLifecycleMapping lifecycle mapping for MavenProject: com.cts:ServiceDiscovery:0.0.1-SNAPSHOT @ F:\spring workspace\VendorManagement-master\ServiceDiscovery\pom.xml.
2020-05-03 19:33:32,698 [Worker-11: Update Maven projects configuration] INFO  o.e.m.c.i.l.LifecycleMappingFactory - Using org.eclipse.m2e.jdt.JarLifecycleMapping lifecycle mapping for MavenProject: com.cts:ProductManagement:0.0.1-SNAPSHOT @ F:\spring workspace\VendorManagement-master\ProductManagement\pom.xml.
2020-05-03 19:33:33,440 [Worker-11: Update Maven projects configuration] INFO  o.e.m.c.i.l.LifecycleMappingFactory - Using org.eclipse.m2e.jdt.JarLifecycleMapping lifecycle mapping for MavenProject: com.cts:VendorManagement:0.0.1-SNAPSHOT @ F:\spring workspace\VendorManagement-master\VendorManagement\pom.xml.
2020-05-03 19:33:34,132 [Worker-11: Update Maven projects configuration] INFO  o.e.m.c.i.l.LifecycleMappingFactory - Using org.eclipse.m2e.jdt.JarLifecycleMapping lifecycle mapping for MavenProject: com.cts:SpringConfigServer:0.0.1-SNAPSHOT @ F:\spring workspace\VendorManagement-master\SpringConfigServer\pom.xml.
2020-05-03 19:33:34,546 [Worker-11: Update Maven projects configuration] INFO  o.e.m.c.i.l.LifecycleMappingFactory - Using org.eclipse.m2e.jdt.JarLifecycleMapping lifecycle mapping for MavenProject: com.cts:ZuulApiGateway:0.0.1-SNAPSHOT @ F:\spring workspace\VendorManagement-master\ZuulApiGateway\pom.xml.
2020-05-03 19:33:41,685 [Worker-4: Building] INFO  o.e.m.c.i.embedder.EclipseLogger - Using 'UTF-8' encoding to copy filtered resources.
2020-05-03 19:33:41,691 [Worker-4: Building] INFO  o.e.m.c.i.embedder.EclipseLogger - Copying 0 resource
2020-05-03 19:33:41,692 [Worker-4: Building] INFO  o.e.m.c.i.embedder.EclipseLogger - Copying 0 resource
2020-05-03 19:33:41,696 [Worker-4: Building] INFO  o.e.m.c.i.embedder.EclipseLogger - Using 'UTF-8' encoding to copy filtered resources.
2020-05-03 19:33:41,697 [Worker-4: Building] INFO  o.e.m.c.i.embedder.EclipseLogger - skip non existing resourceDirectory F:\spring workspace\VendorManagement-master\ProductManagement\src\test\resources
2020-05-03 19:33:41,702 [Worker-11: Update Maven projects configuration] INFO  o.e.m.j.i.AbstractJavaProjectConfigurator - Adding source folder /SpringConfigServer/src/main/java
2020-05-03 19:33:41,703 [Worker-11: Update Maven projects configuration] INFO  o.e.m.j.i.AbstractJavaProjectConfigurator - Adding resource folder /SpringConfigServer/src/main/resources
2020-05-03 19:33:41,705 [Worker-11: Update Maven projects configuration] INFO  o.e.m.j.i.AbstractJavaProjectConfigurator - Adding resource folder /SpringConfigServer/src/main/resources
2020-05-03 19:33:41,710 [Worker-11: Update Maven projects configuration] INFO  o.e.m.j.i.AbstractJavaProjectConfigurator - Adding source folder /SpringConfigServer/src/test/java
2020-05-03 19:33:43,821 [Worker-14: Building] INFO  o.e.m.c.i.embedder.EclipseLogger - Using 'UTF-8' encoding to copy filtered resources.
2020-05-03 19:33:43,822 [Worker-14: Building] INFO  o.e.m.c.i.embedder.EclipseLogger - Copying 1 resource
2020-05-03 19:33:43,844 [Worker-14: Building] INFO  o.e.m.c.i.embedder.EclipseLogger - Copying 0 resource
2020-05-03 19:33:43,847 [Worker-14: Building] INFO  o.e.m.c.i.embedder.EclipseLogger - Using 'UTF-8' encoding to copy filtered resources.
2020-05-03 19:33:43,848 [Worker-14: Building] INFO  o.e.m.c.i.embedder.EclipseLogger - skip non existing resourceDirectory F:\spring workspace\VendorManagement-master\ServiceDiscovery\src\test\resources
2020-05-03 19:33:43,917 [Worker-11: Update Maven projects configuration] INFO  o.e.m.j.i.AbstractJavaProjectConfigurator - Adding source folder /VendorManagement/src/main/java
2020-05-03 19:33:43,918 [Worker-11: Update Maven projects configuration] INFO  o.e.m.j.i.AbstractJavaProjectConfigurator - Adding resource folder /VendorManagement/src/main/resources
2020-05-03 19:33:43,919 [Worker-11: Update Maven projects configuration] INFO  o.e.m.j.i.AbstractJavaProjectConfigurator - Adding resource folder /VendorManagement/src/main/resources
2020-05-03 19:33:43,923 [Worker-11: Update Maven projects configuration] INFO  o.e.m.j.i.AbstractJavaProjectConfigurator - Adding source folder /VendorManagement/src/test/java
2020-05-03 19:33:45,261 [Worker-12: Building] INFO  o.e.m.c.i.embedder.EclipseLogger - Using 'UTF-8' encoding to copy filtered resources.
2020-05-03 19:33:45,261 [Worker-12: Building] INFO  o.e.m.c.i.embedder.EclipseLogger - Copying 1 resource
2020-05-03 19:33:45,265 [Worker-12: Building] INFO  o.e.m.c.i.embedder.EclipseLogger - Copying 0 resource
2020-05-03 19:33:45,269 [Worker-12: Building] INFO  o.e.m.c.i.embedder.EclipseLogger - Using 'UTF-8' encoding to copy filtered resources.
2020-05-03 19:33:45,269 [Worker-12: Building] INFO  o.e.m.c.i.embedder.EclipseLogger - skip non existing resourceDirectory F:\spring workspace\VendorManagement-master\SpringConfigServer\src\test\resources
2020-05-03 19:33:46,097 [Worker-11: Update Maven projects configuration] INFO  o.e.m.j.i.AbstractJavaProjectConfigurator - Adding source folder /ProductManagement/src/main/java
2020-05-03 19:33:46,097 [Worker-11: Update Maven projects configuration] INFO  o.e.m.j.i.AbstractJavaProjectConfigurator - Adding resource folder /ProductManagement/src/main/resources
2020-05-03 19:33:46,100 [Worker-11: Update Maven projects configuration] INFO  o.e.m.j.i.AbstractJavaProjectConfigurator - Adding resource folder /ProductManagement/src/main/resources
2020-05-03 19:33:46,105 [Worker-11: Update Maven projects configuration] INFO  o.e.m.j.i.AbstractJavaProjectConfigurator - Adding source folder /ProductManagement/src/test/java
2020-05-03 19:33:46,855 [Worker-10: Building] INFO  o.e.m.c.i.embedder.EclipseLogger - Using 'UTF-8' encoding to copy filtered resources.
2020-05-03 19:33:46,856 [Worker-10: Building] INFO  o.e.m.c.i.embedder.EclipseLogger - Copying 0 resource
2020-05-03 19:33:46,857 [Worker-10: Building] INFO  o.e.m.c.i.embedder.EclipseLogger - Copying 1 resource
2020-05-03 19:33:47,018 [Worker-10: Building] INFO  o.e.m.c.i.embedder.EclipseLogger - Using 'UTF-8' encoding to copy filtered resources.
2020-05-03 19:33:47,018 [Worker-10: Building] INFO  o.e.m.c.i.embedder.EclipseLogger - skip non existing resourceDirectory F:\spring workspace\VendorManagement-master\ProductManagement\src\test\resources
2020-05-03 19:33:47,382 [Worker-7: Building] INFO  o.e.m.c.i.embedder.EclipseLogger - Using 'UTF-8' encoding to copy filtered resources.
2020-05-03 19:33:47,382 [Worker-7: Building] INFO  o.e.m.c.i.embedder.EclipseLogger - Copying 0 resource
2020-05-03 19:33:47,382 [Worker-7: Building] INFO  o.e.m.c.i.embedder.EclipseLogger - Copying 0 resource
2020-05-03 19:33:47,386 [Worker-7: Building] INFO  o.e.m.c.i.embedder.EclipseLogger - Using 'UTF-8' encoding to copy filtered resources.
2020-05-03 19:33:47,386 [Worker-7: Building] INFO  o.e.m.c.i.embedder.EclipseLogger - skip non existing resourceDirectory F:\spring workspace\VendorManagement-master\ProductManagement\src\test\resources
2020-05-03 19:33:47,538 [Worker-11: Update Maven projects configuration] INFO  o.e.m.j.i.AbstractJavaProjectConfigurator - Adding source folder /ZuulApiGateway/src/main/java
2020-05-03 19:33:47,539 [Worker-11: Update Maven projects configuration] INFO  o.e.m.j.i.AbstractJavaProjectConfigurator - Adding resource folder /ZuulApiGateway/src/main/resources
2020-05-03 19:33:47,558 [Worker-11: Update Maven projects configuration] INFO  o.e.m.j.i.AbstractJavaProjectConfigurator - Adding resource folder /ZuulApiGateway/src/main/resources
2020-05-03 19:33:47,572 [Worker-11: Update Maven projects configuration] INFO  o.e.m.j.i.AbstractJavaProjectConfigurator - Adding source folder /ZuulApiGateway/src/test/java
2020-05-03 19:33:49,240 [Worker-11: Update Maven projects configuration] INFO  o.e.m.j.i.AbstractJavaProjectConfigurator - Adding source folder /ServiceDiscovery/src/main/java
2020-05-03 19:33:49,241 [Worker-11: Update Maven projects configuration] INFO  o.e.m.j.i.AbstractJavaProjectConfigurator - Adding resource folder /ServiceDiscovery/src/main/resources
2020-05-03 19:33:49,243 [Worker-11: Update Maven projects configuration] INFO  o.e.m.j.i.AbstractJavaProjectConfigurator - Adding resource folder /ServiceDiscovery/src/main/resources
2020-05-03 19:33:49,247 [Worker-11: Update Maven projects configuration] INFO  o.e.m.j.i.AbstractJavaProjectConfigurator - Adding source folder /ServiceDiscovery/src/test/java
2020-05-03 19:33:49,704 [Worker-4: Building] INFO  o.e.m.c.i.embedder.EclipseLogger - Using 'UTF-8' encoding to copy filtered resources.
2020-05-03 19:33:49,704 [Worker-4: Building] INFO  o.e.m.c.i.embedder.EclipseLogger - Copying 1 resource
2020-05-03 19:33:49,712 [Worker-4: Building] INFO  o.e.m.c.i.embedder.EclipseLogger - Copying 0 resource
2020-05-03 19:33:49,716 [Worker-4: Building] INFO  o.e.m.c.i.embedder.EclipseLogger - Using 'UTF-8' encoding to copy filtered resources.
2020-05-03 19:33:49,717 [Worker-4: Building] INFO  o.e.m.c.i.embedder.EclipseLogger - skip non existing resourceDirectory F:\spring workspace\VendorManagement-master\ServiceDiscovery\src\test\resources
2020-05-03 19:33:51,299 [Worker-4: Building] INFO  o.e.m.c.i.embedder.EclipseLogger - Using 'UTF-8' encoding to copy filtered resources.
2020-05-03 19:33:51,300 [Worker-4: Building] INFO  o.e.m.c.i.embedder.EclipseLogger - Copying 0 resource
2020-05-03 19:33:51,301 [Worker-4: Building] INFO  o.e.m.c.i.embedder.EclipseLogger - Copying 2 resources
2020-05-03 19:33:51,330 [Worker-4: Building] INFO  o.e.m.c.i.embedder.EclipseLogger - Using 'UTF-8' encoding to copy filtered resources.
2020-05-03 19:33:51,330 [Worker-4: Building] INFO  o.e.m.c.i.embedder.EclipseLogger - skip non existing resourceDirectory F:\spring workspace\VendorManagement-master\VendorManagement\src\test\resources
2020-05-03 19:33:51,504 [Worker-11: Update Maven projects configuration] INFO  o.e.m.c.i.p.ProjectConfigurationManager - Update completed: 21 sec
2020-05-03 19:33:51,683 [Worker-14: Building] INFO  o.e.m.c.i.embedder.EclipseLogger - Using 'UTF-8' encoding to copy filtered resources.
2020-05-03 19:33:51,684 [Worker-14: Building] INFO  o.e.m.c.i.embedder.EclipseLogger - Copying 0 resource
2020-05-03 19:33:51,684 [Worker-14: Building] INFO  o.e.m.c.i.embedder.EclipseLogger - Copying 0 resource
2020-05-03 19:33:51,689 [Worker-14: Building] INFO  o.e.m.c.i.embedder.EclipseLogger - Using 'UTF-8' encoding to copy filtered resources.
2020-05-03 19:33:51,689 [Worker-14: Building] INFO  o.e.m.c.i.embedder.EclipseLogger - skip non existing resourceDirectory F:\spring workspace\VendorManagement-master\ServiceDiscovery\src\test\resources
2020-05-03 19:33:53,004 [Worker-14: Building] INFO  o.e.m.c.i.embedder.EclipseLogger - Using 'UTF-8' encoding to copy filtered resources.
2020-05-03 19:33:53,005 [Worker-14: Building] INFO  o.e.m.c.i.embedder.EclipseLogger - Copying 1 resource
2020-05-03 19:33:53,018 [Worker-14: Building] INFO  o.e.m.c.i.embedder.EclipseLogger - Copying 0 resource
2020-05-03 19:33:53,021 [Worker-14: Building] INFO  o.e.m.c.i.embedder.EclipseLogger - Using 'UTF-8' encoding to copy filtered resources.
2020-05-03 19:33:53,021 [Worker-14: Building] INFO  o.e.m.c.i.embedder.EclipseLogger - skip non existing resourceDirectory F:\spring workspace\VendorManagement-master\ZuulApiGateway\src\test\resources
2020-05-03 19:34:28,915 [Worker-7: Building] INFO  o.e.m.c.i.embedder.EclipseLogger - Using 'UTF-8' encoding to copy filtered resources.
2020-05-03 19:34:28,916 [Worker-7: Building] INFO  o.e.m.c.i.embedder.EclipseLogger - Copying 1 resource
2020-05-03 19:34:28,958 [Worker-7: Building] INFO  o.e.m.c.i.embedder.EclipseLogger - Copying 0 resource
2020-05-03 19:34:28,962 [Worker-7: Building] INFO  o.e.m.c.i.embedder.EclipseLogger - Using 'UTF-8' encoding to copy filtered resources.
2020-05-03 19:34:28,963 [Worker-7: Building] INFO  o.e.m.c.i.embedder.EclipseLogger - skip non existing resourceDirectory F:\spring workspace\VendorManagement-master\ZuulApiGateway\src\test\resources
2020-05-03 19:38:28,679 [Worker-14: Building] INFO  o.e.m.c.i.embedder.EclipseLogger - Using 'UTF-8' encoding to copy filtered resources.
2020-05-03 19:38:28,680 [Worker-14: Building] INFO  o.e.m.c.i.embedder.EclipseLogger - skip non existing resourceDirectory F:\spring workspace\VendorManagement-master\ProductManagement\src\main\resources
2020-05-03 19:38:28,680 [Worker-14: Building] INFO  o.e.m.c.i.embedder.EclipseLogger - skip non existing resourceDirectory F:\spring workspace\VendorManagement-master\ProductManagement\src\main\resources
2020-05-03 19:38:28,686 [Worker-14: Building] INFO  o.e.m.c.i.embedder.EclipseLogger - Using 'UTF-8' encoding to copy filtered resources.
2020-05-03 19:38:28,686 [Worker-14: Building] INFO  o.e.m.c.i.embedder.EclipseLogger - skip non existing resourceDirectory F:\spring workspace\VendorManagement-master\ProductManagement\src\test\resources
2020-05-03 19:38:28,730 [Worker-14: Building] INFO  o.e.m.c.i.embedder.EclipseLogger - Using 'UTF-8' encoding to copy filtered resources.
2020-05-03 19:38:28,730 [Worker-14: Building] INFO  o.e.m.c.i.embedder.EclipseLogger - skip non existing resourceDirectory F:\spring workspace\VendorManagement-master\ServiceDiscovery\src\main\resources
2020-05-03 19:38:28,731 [Worker-14: Building] INFO  o.e.m.c.i.embedder.EclipseLogger - skip non existing resourceDirectory F:\spring workspace\VendorManagement-master\ServiceDiscovery\src\main\resources
2020-05-03 19:38:28,742 [Worker-14: Building] INFO  o.e.m.c.i.embedder.EclipseLogger - Using 'UTF-8' encoding to copy filtered resources.
2020-05-03 19:38:28,742 [Worker-14: Building] INFO  o.e.m.c.i.embedder.EclipseLogger - skip non existing resourceDirectory F:\spring workspace\VendorManagement-master\ServiceDiscovery\src\test\resources
2020-05-03 19:38:28,769 [Worker-14: Building] INFO  o.e.m.c.i.embedder.EclipseLogger - Using 'UTF-8' encoding to copy filtered resources.
2020-05-03 19:38:28,769 [Worker-14: Building] INFO  o.e.m.c.i.embedder.EclipseLogger - skip non existing resourceDirectory F:\spring workspace\VendorManagement-master\SpringConfigServer\src\main\resources
2020-05-03 19:38:28,769 [Worker-14: Building] INFO  o.e.m.c.i.embedder.EclipseLogger - skip non existing resourceDirectory F:\spring workspace\VendorManagement-master\SpringConfigServer\src\main\resources
2020-05-03 19:38:28,772 [Worker-14: Building] INFO  o.e.m.c.i.embedder.EclipseLogger - Using 'UTF-8' encoding to copy filtered resources.
2020-05-03 19:38:28,773 [Worker-14: Building] INFO  o.e.m.c.i.embedder.EclipseLogger - skip non existing resourceDirectory F:\spring workspace\VendorManagement-master\SpringConfigServer\src\test\resources
2020-05-03 19:38:28,826 [Worker-14: Building] INFO  o.e.m.c.i.embedder.EclipseLogger - Using 'UTF-8' encoding to copy filtered resources.
2020-05-03 19:38:28,827 [Worker-14: Building] INFO  o.e.m.c.i.embedder.EclipseLogger - skip non existing resourceDirectory F:\spring workspace\VendorManagement-master\VendorManagement\src\main\resources
2020-05-03 19:38:28,827 [Worker-14: Building] INFO  o.e.m.c.i.embedder.EclipseLogger - skip non existing resourceDirectory F:\spring workspace\VendorManagement-master\VendorManagement\src\main\resources
2020-05-03 19:38:28,829 [Worker-14: Building] INFO  o.e.m.c.i.embedder.EclipseLogger - Using 'UTF-8' encoding to copy filtered resources.
2020-05-03 19:38:28,830 [Worker-14: Building] INFO  o.e.m.c.i.embedder.EclipseLogger - skip non existing resourceDirectory F:\spring workspace\VendorManagement-master\VendorManagement\src\test\resources
2020-05-03 19:38:28,861 [Worker-14: Building] INFO  o.e.m.c.i.embedder.EclipseLogger - Using 'UTF-8' encoding to copy filtered resources.
2020-05-03 19:38:28,861 [Worker-14: Building] INFO  o.e.m.c.i.embedder.EclipseLogger - skip non existing resourceDirectory F:\spring workspace\VendorManagement-master\ZuulApiGateway\src\main\resources
2020-05-03 19:38:28,862 [Worker-14: Building] INFO  o.e.m.c.i.embedder.EclipseLogger - skip non existing resourceDirectory F:\spring workspace\VendorManagement-master\ZuulApiGateway\src\main\resources
2020-05-03 19:38:28,866 [Worker-14: Building] INFO  o.e.m.c.i.embedder.EclipseLogger - Using 'UTF-8' encoding to copy filtered resources.
2020-05-03 19:38:28,866 [Worker-14: Building] INFO  o.e.m.c.i.embedder.EclipseLogger - skip non existing resourceDirectory F:\spring workspace\VendorManagement-master\ZuulApiGateway\src\test\resources
2020-05-03 19:43:14,421 [Worker-16: Building] INFO  o.e.m.c.i.embedder.EclipseLogger - Using 'UTF-8' encoding to copy filtered resources.
2020-05-03 19:43:14,421 [Worker-16: Building] INFO  o.e.m.c.i.embedder.EclipseLogger - skip non existing resourceDirectory F:\spring workspace\VendorManagement-master\SpringConfigServer\src\main\resources
2020-05-03 19:43:14,421 [Worker-16: Building] INFO  o.e.m.c.i.embedder.EclipseLogger - skip non existing resourceDirectory F:\spring workspace\VendorManagement-master\SpringConfigServer\src\main\resources
2020-05-03 19:43:14,427 [Worker-16: Building] INFO  o.e.m.c.i.embedder.EclipseLogger - Using 'UTF-8' encoding to copy filtered resources.
2020-05-03 19:43:14,428 [Worker-16: Building] INFO  o.e.m.c.i.embedder.EclipseLogger - skip non existing resourceDirectory F:\spring workspace\VendorManagement-master\SpringConfigServer\src\test\resources
2020-05-03 19:45:05,228 [Worker-16: Building] INFO  o.e.m.c.i.l.LifecycleMappingFactory - Using org.eclipse.m2e.jdt.JarLifecycleMapping lifecycle mapping for MavenProject: com.cts:SpringConfigServer:0.0.1-SNAPSHOT @ F:\spring workspace\SpringConfigServer\pom.xml.
2020-05-03 19:45:06,905 [Worker-16: Building] INFO  o.e.m.c.i.embedder.EclipseLogger - Using 'UTF-8' encoding to copy filtered resources.
2020-05-03 19:45:06,906 [Worker-16: Building] INFO  o.e.m.c.i.embedder.EclipseLogger - Copying 1 resource
2020-05-03 19:45:06,923 [Worker-16: Building] INFO  o.e.m.c.i.embedder.EclipseLogger - Copying 0 resource
2020-05-03 19:45:06,927 [Worker-16: Building] INFO  o.e.m.c.i.embedder.EclipseLogger - Using 'UTF-8' encoding to copy filtered resources.
2020-05-03 19:45:06,927 [Worker-16: Building] INFO  o.e.m.c.i.embedder.EclipseLogger - skip non existing resourceDirectory F:\spring workspace\SpringConfigServer\src\test\resources
2020-05-03 19:45:08,876 [Worker-18: Updating Maven Dependencies] INFO  o.e.m.c.i.l.LifecycleMappingFactory - Using org.eclipse.m2e.jdt.JarLifecycleMapping lifecycle mapping for MavenProject: com.cts:SpringConfigServer:0.0.1-SNAPSHOT @ F:\spring workspace\SpringConfigServer\pom.xml.
2020-05-03 19:45:10,370 [Worker-15: Building] INFO  o.e.m.c.i.embedder.EclipseLogger - Using 'UTF-8' encoding to copy filtered resources.
2020-05-03 19:45:10,371 [Worker-15: Building] INFO  o.e.m.c.i.embedder.EclipseLogger - Copying 1 resource
2020-05-03 19:45:10,375 [Worker-15: Building] INFO  o.e.m.c.i.embedder.EclipseLogger - Copying 0 resource
2020-05-03 19:45:10,378 [Worker-15: Building] INFO  o.e.m.c.i.embedder.EclipseLogger - Using 'UTF-8' encoding to copy filtered resources.
2020-05-03 19:45:10,379 [Worker-15: Building] INFO  o.e.m.c.i.embedder.EclipseLogger - skip non existing resourceDirectory F:\spring workspace\SpringConfigServer\src\test\resources
2020-05-03 19:45:12,174 [Worker-16: Building] INFO  o.e.m.c.i.embedder.EclipseLogger - Using 'UTF-8' encoding to copy filtered resources.
2020-05-03 19:45:12,175 [Worker-16: Building] INFO  o.e.m.c.i.embedder.EclipseLogger - Copying 1 resource
2020-05-03 19:45:12,179 [Worker-16: Building] INFO  o.e.m.c.i.embedder.EclipseLogger - Copying 0 resource
2020-05-03 19:45:12,182 [Worker-16: Building] INFO  o.e.m.c.i.embedder.EclipseLogger - Using 'UTF-8' encoding to copy filtered resources.
2020-05-03 19:45:12,182 [Worker-16: Building] INFO  o.e.m.c.i.embedder.EclipseLogger - skip non existing resourceDirectory F:\spring workspace\SpringConfigServer\src\test\resources
2020-05-03 19:45:38,043 [Worker-16: Building] INFO  o.e.m.c.i.embedder.EclipseLogger - Using 'UTF-8' encoding to copy filtered resources.
2020-05-03 19:45:38,044 [Worker-16: Building] INFO  o.e.m.c.i.embedder.EclipseLogger - Copying 1 resource
2020-05-03 19:45:38,048 [Worker-16: Building] INFO  o.e.m.c.i.embedder.EclipseLogger - Copying 0 resource
2020-05-03 19:45:38,051 [Worker-16: Building] INFO  o.e.m.c.i.embedder.EclipseLogger - Using 'UTF-8' encoding to copy filtered resources.
2020-05-03 19:45:38,051 [Worker-16: Building] INFO  o.e.m.c.i.embedder.EclipseLogger - skip non existing resourceDirectory F:\spring workspace\SpringConfigServer\src\test\resources
2020-05-03 19:47:13,727 [Worker-19: Updating Maven Project] INFO  o.e.m.c.i.p.ProjectConfigurationManager - Update started
2020-05-03 19:47:18,762 [Worker-19: Updating Maven Project] INFO  o.e.m.c.i.l.LifecycleMappingFactory - Using org.eclipse.m2e.jdt.JarLifecycleMapping lifecycle mapping for MavenProject: com.cts:SpringConfigServer:0.0.1-SNAPSHOT @ F:\spring workspace\SpringConfigServer\pom.xml.
2020-05-03 19:47:21,518 [Worker-19: Updating Maven Project] INFO  o.e.m.j.i.AbstractJavaProjectConfigurator - Adding source folder /SpringConfigServer/src/main/java
2020-05-03 19:47:21,518 [Worker-19: Updating Maven Project] INFO  o.e.m.j.i.AbstractJavaProjectConfigurator - Adding resource folder /SpringConfigServer/src/main/resources
2020-05-03 19:47:21,519 [Worker-19: Updating Maven Project] INFO  o.e.m.j.i.AbstractJavaProjectConfigurator - Adding resource folder /SpringConfigServer/src/main/resources
2020-05-03 19:47:21,519 [Worker-19: Updating Maven Project] INFO  o.e.m.j.i.AbstractJavaProjectConfigurator - Adding source folder /SpringConfigServer/src/test/java
2020-05-03 19:47:21,943 [Worker-19: Updating Maven Project] INFO  o.e.m.c.i.p.ProjectConfigurationManager - Update completed: 8 sec
2020-05-03 19:47:23,777 [Worker-23: Building] INFO  o.e.m.c.i.embedder.EclipseLogger - Using 'UTF-8' encoding to copy filtered resources.
2020-05-03 19:47:23,778 [Worker-23: Building] INFO  o.e.m.c.i.embedder.EclipseLogger - Copying 1 resource
2020-05-03 19:47:23,805 [Worker-23: Building] INFO  o.e.m.c.i.embedder.EclipseLogger - Copying 0 resource
2020-05-03 19:47:23,808 [Worker-23: Building] INFO  o.e.m.c.i.embedder.EclipseLogger - Using 'UTF-8' encoding to copy filtered resources.
2020-05-03 19:47:23,809 [Worker-23: Building] INFO  o.e.m.c.i.embedder.EclipseLogger - skip non existing resourceDirectory F:\spring workspace\SpringConfigServer\src\test\resources
2020-05-03 19:48:37,941 [Worker-22: Updating Maven Project] INFO  o.e.m.c.i.p.ProjectConfigurationManager - Update started
2020-05-03 19:48:37,943 [Worker-22: Updating Maven Project] INFO  o.e.m.c.i.p.ProjectConfigurationManager - Update completed: 0 sec
2020-05-03 19:49:50,681 [Worker-25: Building] INFO  o.e.m.c.i.l.LifecycleMappingFactory - Using org.eclipse.m2e.jdt.JarLifecycleMapping lifecycle mapping for MavenProject: com.cts:VendorManagement:0.0.1-SNAPSHOT @ F:\spring workspace\VendorManagement\pom.xml.
2020-05-03 19:49:58,998 [Worker-25: Building] INFO  o.e.m.c.i.embedder.EclipseLogger - Using 'UTF-8' encoding to copy filtered resources.
2020-05-03 19:49:58,999 [Worker-25: Building] INFO  o.e.m.c.i.embedder.EclipseLogger - Copying 0 resource
2020-05-03 19:49:58,999 [Worker-25: Building] INFO  o.e.m.c.i.embedder.EclipseLogger - Copying 2 resources
2020-05-03 19:49:59,034 [Worker-25: Building] INFO  o.e.m.c.i.embedder.EclipseLogger - Using 'UTF-8' encoding to copy filtered resources.
2020-05-03 19:49:59,035 [Worker-25: Building] INFO  o.e.m.c.i.embedder.EclipseLogger - skip non existing resourceDirectory F:\spring workspace\VendorManagement\src\test\resources
2020-05-03 19:50:00,001 [Worker-24: Updating Maven Dependencies] INFO  o.e.m.c.i.l.LifecycleMappingFactory - Using org.eclipse.m2e.jdt.JarLifecycleMapping lifecycle mapping for MavenProject: com.cts:VendorManagement:0.0.1-SNAPSHOT @ F:\spring workspace\VendorManagement\pom.xml.
2020-05-03 19:50:04,527 [Worker-19: Building] INFO  o.e.m.c.i.embedder.EclipseLogger - Using 'UTF-8' encoding to copy filtered resources.
2020-05-03 19:50:04,529 [Worker-19: Building] INFO  o.e.m.c.i.embedder.EclipseLogger - Copying 0 resource
2020-05-03 19:50:04,530 [Worker-19: Building] INFO  o.e.m.c.i.embedder.EclipseLogger - Copying 2 resources
2020-05-03 19:50:04,541 [Worker-19: Building] INFO  o.e.m.c.i.embedder.EclipseLogger - Using 'UTF-8' encoding to copy filtered resources.
2020-05-03 19:50:04,541 [Worker-19: Building] INFO  o.e.m.c.i.embedder.EclipseLogger - skip non existing resourceDirectory F:\spring workspace\VendorManagement\src\test\resources
2020-05-03 19:50:06,554 [Worker-26: Building] INFO  o.e.m.c.i.l.LifecycleMappingFactory - Using org.eclipse.m2e.jdt.JarLifecycleMapping lifecycle mapping for MavenProject: com.cts:ProductManagement:0.0.1-SNAPSHOT @ F:\spring workspace\ProductManagement\pom.xml.
2020-05-03 19:50:08,698 [Worker-26: Building] INFO  o.e.m.c.i.embedder.EclipseLogger - Using 'UTF-8' encoding to copy filtered resources.
2020-05-03 19:50:08,698 [Worker-26: Building] INFO  o.e.m.c.i.embedder.EclipseLogger - Copying 0 resource
2020-05-03 19:50:08,699 [Worker-26: Building] INFO  o.e.m.c.i.embedder.EclipseLogger - Copying 1 resource
2020-05-03 19:50:08,722 [Worker-26: Building] INFO  o.e.m.c.i.embedder.EclipseLogger - Using 'UTF-8' encoding to copy filtered resources.
2020-05-03 19:50:08,722 [Worker-26: Building] INFO  o.e.m.c.i.embedder.EclipseLogger - skip non existing resourceDirectory F:\spring workspace\ProductManagement\src\test\resources
2020-05-03 19:50:10,172 [Worker-23: Updating Maven Dependencies] INFO  o.e.m.c.i.l.LifecycleMappingFactory - Using org.eclipse.m2e.jdt.JarLifecycleMapping lifecycle mapping for MavenProject: com.cts:ProductManagement:0.0.1-SNAPSHOT @ F:\spring workspace\ProductManagement\pom.xml.
2020-05-03 19:50:11,678 [Worker-19: Building] INFO  o.e.m.c.i.embedder.EclipseLogger - Using 'UTF-8' encoding to copy filtered resources.
2020-05-03 19:50:11,678 [Worker-19: Building] INFO  o.e.m.c.i.embedder.EclipseLogger - Copying 0 resource
2020-05-03 19:50:11,679 [Worker-19: Building] INFO  o.e.m.c.i.embedder.EclipseLogger - Copying 1 resource
2020-05-03 19:50:11,687 [Worker-19: Building] INFO  o.e.m.c.i.embedder.EclipseLogger - Using 'UTF-8' encoding to copy filtered resources.
2020-05-03 19:50:11,687 [Worker-19: Building] INFO  o.e.m.c.i.embedder.EclipseLogger - skip non existing resourceDirectory F:\spring workspace\ProductManagement\src\test\resources
2020-05-03 19:50:13,757 [Worker-23: Building] INFO  o.e.m.c.i.embedder.EclipseLogger - Using 'UTF-8' encoding to copy filtered resources.
2020-05-03 19:50:13,757 [Worker-23: Building] INFO  o.e.m.c.i.embedder.EclipseLogger - Copying 0 resource
2020-05-03 19:50:13,758 [Worker-23: Building] INFO  o.e.m.c.i.embedder.EclipseLogger - Copying 1 resource
2020-05-03 19:50:13,761 [Worker-23: Building] INFO  o.e.m.c.i.embedder.EclipseLogger - Using 'UTF-8' encoding to copy filtered resources.
2020-05-03 19:50:13,761 [Worker-23: Building] INFO  o.e.m.c.i.embedder.EclipseLogger - skip non existing resourceDirectory F:\spring workspace\ProductManagement\src\test\resources
2020-05-03 19:50:22,575 [Worker-25: Building] INFO  o.e.m.c.i.l.LifecycleMappingFactory - Using org.eclipse.m2e.jdt.JarLifecycleMapping lifecycle mapping for MavenProject: com.cts:ServiceDiscovery:0.0.1-SNAPSHOT @ F:\spring workspace\ServiceDiscovery\pom.xml.
2020-05-03 19:50:24,456 [Worker-25: Building] INFO  o.e.m.c.i.embedder.EclipseLogger - Using 'UTF-8' encoding to copy filtered resources.
2020-05-03 19:50:24,456 [Worker-25: Building] INFO  o.e.m.c.i.embedder.EclipseLogger - Copying 1 resource
2020-05-03 19:50:24,494 [Worker-25: Building] INFO  o.e.m.c.i.embedder.EclipseLogger - Copying 0 resource
2020-05-03 19:50:24,498 [Worker-25: Building] INFO  o.e.m.c.i.embedder.EclipseLogger - Using 'UTF-8' encoding to copy filtered resources.
2020-05-03 19:50:24,498 [Worker-25: Building] INFO  o.e.m.c.i.embedder.EclipseLogger - skip non existing resourceDirectory F:\spring workspace\ServiceDiscovery\src\test\resources
2020-05-03 19:50:26,293 [Worker-26: Updating Maven Dependencies] INFO  o.e.m.c.i.l.LifecycleMappingFactory - Using org.eclipse.m2e.jdt.JarLifecycleMapping lifecycle mapping for MavenProject: com.cts:ServiceDiscovery:0.0.1-SNAPSHOT @ F:\spring workspace\ServiceDiscovery\pom.xml.
2020-05-03 19:50:27,044 [Worker-25: Building] INFO  o.e.m.c.i.embedder.EclipseLogger - Using 'UTF-8' encoding to copy filtered resources.
2020-05-03 19:50:27,045 [Worker-25: Building] INFO  o.e.m.c.i.embedder.EclipseLogger - Copying 1 resource
2020-05-03 19:50:27,054 [Worker-25: Building] INFO  o.e.m.c.i.embedder.EclipseLogger - Copying 0 resource
2020-05-03 19:50:27,060 [Worker-25: Building] INFO  o.e.m.c.i.embedder.EclipseLogger - Using 'UTF-8' encoding to copy filtered resources.
2020-05-03 19:50:27,061 [Worker-25: Building] INFO  o.e.m.c.i.embedder.EclipseLogger - skip non existing resourceDirectory F:\spring workspace\ServiceDiscovery\src\test\resources
2020-05-03 19:50:28,789 [Worker-24: Building] INFO  o.e.m.c.i.embedder.EclipseLogger - Using 'UTF-8' encoding to copy filtered resources.
2020-05-03 19:50:28,790 [Worker-24: Building] INFO  o.e.m.c.i.embedder.EclipseLogger - Copying 1 resource
2020-05-03 19:50:28,794 [Worker-24: Building] INFO  o.e.m.c.i.embedder.EclipseLogger - Copying 0 resource
2020-05-03 19:50:28,797 [Worker-24: Building] INFO  o.e.m.c.i.embedder.EclipseLogger - Using 'UTF-8' encoding to copy filtered resources.
2020-05-03 19:50:28,797 [Worker-24: Building] INFO  o.e.m.c.i.embedder.EclipseLogger - skip non existing resourceDirectory F:\spring workspace\ServiceDiscovery\src\test\resources
2020-05-03 19:50:36,287 [Worker-19: Building] INFO  o.e.m.c.i.l.LifecycleMappingFactory - Using org.eclipse.m2e.jdt.JarLifecycleMapping lifecycle mapping for MavenProject: com.cts:ZuulApiGateway:0.0.1-SNAPSHOT @ F:\spring workspace\ZuulApiGateway\pom.xml.
2020-05-03 19:50:38,061 [Worker-19: Building] INFO  o.e.m.c.i.embedder.EclipseLogger - Using 'UTF-8' encoding to copy filtered resources.
2020-05-03 19:50:38,061 [Worker-19: Building] INFO  o.e.m.c.i.embedder.EclipseLogger - Copying 1 resource
2020-05-03 19:50:38,072 [Worker-19: Building] INFO  o.e.m.c.i.embedder.EclipseLogger - Copying 0 resource
2020-05-03 19:50:38,074 [Worker-19: Building] INFO  o.e.m.c.i.embedder.EclipseLogger - Using 'UTF-8' encoding to copy filtered resources.
2020-05-03 19:50:38,074 [Worker-19: Building] INFO  o.e.m.c.i.embedder.EclipseLogger - skip non existing resourceDirectory F:\spring workspace\ZuulApiGateway\src\test\resources
2020-05-03 19:50:39,709 [Worker-21: Updating Maven Dependencies] INFO  o.e.m.c.i.l.LifecycleMappingFactory - Using org.eclipse.m2e.jdt.JarLifecycleMapping lifecycle mapping for MavenProject: com.cts:ZuulApiGateway:0.0.1-SNAPSHOT @ F:\spring workspace\ZuulApiGateway\pom.xml.
2020-05-03 19:50:40,325 [Worker-25: Building] INFO  o.e.m.c.i.embedder.EclipseLogger - Using 'UTF-8' encoding to copy filtered resources.
2020-05-03 19:50:40,326 [Worker-25: Building] INFO  o.e.m.c.i.embedder.EclipseLogger - Copying 1 resource
2020-05-03 19:50:40,333 [Worker-25: Building] INFO  o.e.m.c.i.embedder.EclipseLogger - Copying 0 resource
2020-05-03 19:50:40,336 [Worker-25: Building] INFO  o.e.m.c.i.embedder.EclipseLogger - Using 'UTF-8' encoding to copy filtered resources.
2020-05-03 19:50:40,337 [Worker-25: Building] INFO  o.e.m.c.i.embedder.EclipseLogger - skip non existing resourceDirectory F:\spring workspace\ZuulApiGateway\src\test\resources
2020-05-03 19:50:42,169 [Worker-22: Building] INFO  o.e.m.c.i.embedder.EclipseLogger - Using 'UTF-8' encoding to copy filtered resources.
2020-05-03 19:50:42,170 [Worker-22: Building] INFO  o.e.m.c.i.embedder.EclipseLogger - Copying 1 resource
2020-05-03 19:50:42,173 [Worker-22: Building] INFO  o.e.m.c.i.embedder.EclipseLogger - Copying 0 resource
2020-05-03 19:50:42,176 [Worker-22: Building] INFO  o.e.m.c.i.embedder.EclipseLogger - Using 'UTF-8' encoding to copy filtered resources.
2020-05-03 19:50:42,176 [Worker-22: Building] INFO  o.e.m.c.i.embedder.EclipseLogger - skip non existing resourceDirectory F:\spring workspace\ZuulApiGateway\src\test\resources
2020-05-03 19:51:26,882 [Worker-23: Building] INFO  o.e.m.c.i.l.LifecycleMappingFactory - Using org.eclipse.m2e.jdt.JarLifecycleMapping lifecycle mapping for MavenProject: com.cts:ServiceDiscovery:0.0.1-SNAPSHOT @ F:\spring workspace\ServiceDiscovery\pom.xml.
2020-05-03 19:51:28,022 [Worker-23: Building] INFO  o.e.m.c.i.embedder.EclipseLogger - Using 'UTF-8' encoding to copy filtered resources.
2020-05-03 19:51:28,022 [Worker-23: Building] INFO  o.e.m.c.i.embedder.EclipseLogger - Copying 1 resource
2020-05-03 19:51:28,025 [Worker-23: Building] INFO  o.e.m.c.i.embedder.EclipseLogger - Copying 0 resource
2020-05-03 19:51:28,029 [Worker-23: Building] INFO  o.e.m.c.i.embedder.EclipseLogger - Using 'UTF-8' encoding to copy filtered resources.
2020-05-03 19:51:28,029 [Worker-23: Building] INFO  o.e.m.c.i.embedder.EclipseLogger - skip non existing resourceDirectory F:\spring workspace\ServiceDiscovery\src\test\resources
2020-05-03 19:51:30,179 [Worker-26: Building] INFO  o.e.m.c.i.embedder.EclipseLogger - Using 'UTF-8' encoding to copy filtered resources.
2020-05-03 19:51:30,179 [Worker-26: Building] INFO  o.e.m.c.i.embedder.EclipseLogger - Copying 1 resource
2020-05-03 19:51:30,183 [Worker-26: Building] INFO  o.e.m.c.i.embedder.EclipseLogger - Copying 0 resource
2020-05-03 19:51:30,186 [Worker-26: Building] INFO  o.e.m.c.i.embedder.EclipseLogger - Using 'UTF-8' encoding to copy filtered resources.
2020-05-03 19:51:30,186 [Worker-26: Building] INFO  o.e.m.c.i.embedder.EclipseLogger - skip non existing resourceDirectory F:\spring workspace\ServiceDiscovery\src\test\resources
2020-05-03 20:45:47,099 [Worker-41: Building] INFO  o.e.m.c.i.embedder.EclipseLogger - Using 'UTF-8' encoding to copy filtered resources.
2020-05-03 20:45:47,205 [Worker-41: Building] INFO  o.e.m.c.i.embedder.EclipseLogger - Copying 0 resource
2020-05-03 20:45:47,206 [Worker-41: Building] INFO  o.e.m.c.i.embedder.EclipseLogger - Copying 1 resource
2020-05-03 20:45:47,303 [Worker-41: Building] INFO  o.e.m.c.i.embedder.EclipseLogger - Using 'UTF-8' encoding to copy filtered resources.
2020-05-03 20:45:47,304 [Worker-41: Building] INFO  o.e.m.c.i.embedder.EclipseLogger - skip non existing resourceDirectory F:\spring workspace\ProductManagement\src\test\resources
2020-05-03 20:47:30,325 [Worker-40: Building] INFO  o.e.m.c.i.embedder.EclipseLogger - Using 'UTF-8' encoding to copy filtered resources.
2020-05-03 20:47:30,325 [Worker-40: Building] INFO  o.e.m.c.i.embedder.EclipseLogger - Copying 0 resource
2020-05-03 20:47:30,326 [Worker-40: Building] INFO  o.e.m.c.i.embedder.EclipseLogger - Copying 1 resource
2020-05-03 20:47:30,335 [Worker-40: Building] INFO  o.e.m.c.i.embedder.EclipseLogger - Using 'UTF-8' encoding to copy filtered resources.
2020-05-03 20:47:30,336 [Worker-40: Building] INFO  o.e.m.c.i.embedder.EclipseLogger - skip non existing resourceDirectory F:\spring workspace\ProductManagement\src\test\resources
2020-05-03 20:47:58,886 [Worker-43: Building] INFO  o.e.m.c.i.embedder.EclipseLogger - Using 'UTF-8' encoding to copy filtered resources.
2020-05-03 20:47:58,887 [Worker-43: Building] INFO  o.e.m.c.i.embedder.EclipseLogger - Copying 1 resource
2020-05-03 20:47:58,951 [Worker-43: Building] INFO  o.e.m.c.i.embedder.EclipseLogger - Copying 0 resource
2020-05-03 20:47:58,972 [Worker-43: Building] INFO  o.e.m.c.i.embedder.EclipseLogger - Using 'UTF-8' encoding to copy filtered resources.
2020-05-03 20:47:58,972 [Worker-43: Building] INFO  o.e.m.c.i.embedder.EclipseLogger - skip non existing resourceDirectory F:\spring workspace\ProductManagement\src\test\resources
